Using pre-set license

 COMMAND LINE ARGUMENTS:
/Applications/2020.3.10f1/Unity.app/Contents/MacOS/Unity
-adb2
-batchMode
-noUpm
-name
AssetImportWorker0
-projectPath
/Users/drunknow/SlotGakusai/SlotGakusai
-logFile
Logs/AssetImportWorker0.log
-srvPort
58636
Successfully changed project path to: /Users/drunknow/SlotGakusai/SlotGakusai
/Users/drunknow/SlotGakusai/SlotGakusai
Using Asset Import Pipeline V2.
Refreshing native plugins compatible for Editor in 38.40 ms, found 3 plugins.
Preloading 0 native plugins for Editor in 0.00 ms.
Initialize engine version: 2020.3.10f1 (297d780c91bc)
[Subsystems] Discovering subsystems at path /Applications/2020.3.10f1/Unity.app/Contents/Resources/UnitySubsystems
[Subsystems] Discovering subsystems at path /Users/drunknow/SlotGakusai/SlotGakusai/Assets
GfxDevice: creating device client; threaded=0
2021-12-09 17:52:12.890 Unity[14172:406258] (null) preferred device: Apple M1 (high power)
2021-12-09 17:52:12.890 Unity[14172:406258] Metal devices available: 1
2021-12-09 17:52:12.891 Unity[14172:406258] 0: Apple M1 (high power)
2021-12-09 17:52:12.891 Unity[14172:406258] Using device Apple M1 (high power)
Initializing Metal device caps: Apple M1
Initialize mono
Mono path[0] = '/Applications/2020.3.10f1/Unity.app/Contents/Managed'
Mono path[1] = '/Applications/2020.3.10f1/Unity.app/Contents/MonoBleedingEdge/lib/mono/unityjit'
Mono config path = '/Applications/2020.3.10f1/Unity.app/Contents/MonoBleedingEdge/etc'
Using monoOptions --debugger-agent=transport=dt_socket,embedding=1,server=y,suspend=n,address=127.0.0.1:56172
Begin MonoManager ReloadAssembly
Registering precompiled unity dll's ...
Register platform support module: /Applications/2020.3.10f1/Unity.app/Contents/PlaybackEngines/MacStandaloneSupport/UnityEditor.OSXStandalone.Extensions.dll
Registered in 0.001466 seconds.
Native extension for OSXStandalone target not found
Refreshing native plugins compatible for Editor in 36.36 ms, found 3 plugins.
Preloading 0 native plugins for Editor in 0.00 ms.
Mono: successfully reloaded assembly
- Completed reload, in  2.290 seconds
Platform modules already initialized, skipping
Registering precompiled user dll's ...
Registered in 0.048033 seconds.
Begin MonoManager ReloadAssembly
Native extension for OSXStandalone target not found
Refreshing native plugins compatible for Editor in 35.75 ms, found 3 plugins.
Preloading 0 native plugins for Editor in 0.00 ms.
Mono: successfully reloaded assembly
- Completed reload, in  2.292 seconds
Platform modules already initialized, skipping
========================================================================
Worker process is ready to serve import requests
Launching external process: /Applications/2020.3.10f1/Unity.app/Contents/Tools/UnityShaderCompiler
Launched and connected shader compiler UnityShaderCompiler after 0.03 seconds
Refreshing native plugins compatible for Editor in 0.37 ms, found 3 plugins.
Preloading 0 native plugins for Editor in 0.00 ms.
Unloading 2107 Unused Serialized files (Serialized files now loaded: 0)
System memory in use before: 170.2 MB.
System memory in use after: 170.3 MB.

Unloading 28 unused Assets to reduce memory usage. Loaded Objects now: 2545.
Total: 1.668625 ms (FindLiveObjects: 0.173708 ms CreateObjectMapping: 0.040500 ms MarkObjects: 1.387250 ms  DeleteObjects: 0.066125 ms)

========================================================================
Received Import Request.
  path: Assets/prefabs/reel1.png
  artifactKey: Guid(6ccec40f0e1404b418221947178e6bbd) Importer(815301076,1909f56bfc062723c751e8b465ee728b)
Start importing Assets/prefabs/reel1.png using Guid(6ccec40f0e1404b418221947178e6bbd) Importer(815301076,1909f56bfc062723c751e8b465ee728b)  -> (artifact id: '3269a4ffc227361928d8c883ca25a0ed') in 1.161779 seconds
  Import took 1.164488 seconds .

========================================================================
Received Import Request.
  Time since last request: 0.000308 seconds.
  path: Assets/prefabs/image 13.png
  artifactKey: Guid(7e258fb9e4f064098aa3de56aeb14752) Importer(815301076,1909f56bfc062723c751e8b465ee728b)
Start importing Assets/prefabs/image 13.png using Guid(7e258fb9e4f064098aa3de56aeb14752) Importer(815301076,1909f56bfc062723c751e8b465ee728b)  -> (artifact id: '2e5537ba90b64179d096b318cca15ad6') in 0.124084 seconds
  Import took 0.127506 seconds .

========================================================================
Received Import Request.
  Time since last request: 0.000233 seconds.
  path: Assets/prefabs/reel3.png
  artifactKey: Guid(56591a15721f040d18d1ed67eb90c63e) Importer(815301076,1909f56bfc062723c751e8b465ee728b)
Start importing Assets/prefabs/reel3.png using Guid(56591a15721f040d18d1ed67eb90c63e) Importer(815301076,1909f56bfc062723c751e8b465ee728b)  -> (artifact id: '65106f69b6c666ae30642612db8f6369') in 0.016410 seconds
  Import took 0.018666 seconds .

========================================================================
Received Import Request.
  Time since last request: 0.000191 seconds.
  path: Assets/prefabs/releDesign.prefab
  artifactKey: Guid(e7a1cb37ecd734222b8c975689a1b4ec) Importer(815301076,1909f56bfc062723c751e8b465ee728b)
Start importing Assets/prefabs/releDesign.prefab using Guid(e7a1cb37ecd734222b8c975689a1b4ec) Importer(815301076,1909f56bfc062723c751e8b465ee728b)  -> (artifact id: '2a0573a28974c7bc6e8f113ef2cdcf79') in 0.623910 seconds
  Import took 0.626248 seconds .

========================================================================
Received Import Request.
  Time since last request: 0.000277 seconds.
  path: Assets/prefabs/image 9.png
  artifactKey: Guid(13757f1a830994385a445106b86e31ae) Importer(815301076,1909f56bfc062723c751e8b465ee728b)
Start importing Assets/prefabs/image 9.png using Guid(13757f1a830994385a445106b86e31ae) Importer(815301076,1909f56bfc062723c751e8b465ee728b)  -> (artifact id: 'bdae9340814f063568dd7adf3ec6c8bb') in 0.034023 seconds
  Import took 0.037425 seconds .

========================================================================
Received Import Request.
  Time since last request: 0.000337 seconds.
  path: Assets/prefabs/Reel.prefab
  artifactKey: Guid(f3b530fcfe9844cd6a3c669ad72141f9) Importer(815301076,1909f56bfc062723c751e8b465ee728b)
Start importing Assets/prefabs/Reel.prefab using Guid(f3b530fcfe9844cd6a3c669ad72141f9) Importer(815301076,1909f56bfc062723c751e8b465ee728b)  -> (artifact id: 'c84eb64f3a37948e3dcc76981c39cb55') in 0.004687 seconds
  Import took 0.007086 seconds .

========================================================================
Received Import Request.
  Time since last request: 0.000226 seconds.
  path: Assets/prefabs/Machine.prefab
  artifactKey: Guid(0ca604af07625435d80971577e90bf75) Importer(815301076,1909f56bfc062723c751e8b465ee728b)
Start importing Assets/prefabs/Machine.prefab using Guid(0ca604af07625435d80971577e90bf75) Importer(815301076,1909f56bfc062723c751e8b465ee728b)  -> (artifact id: '8a5a5b20e46679dafde37e4593118a08') in 0.028207 seconds
  Import took 0.031352 seconds .

========================================================================
Received Import Request.
  Time since last request: 8.277197 seconds.
  path: Assets/Scenes/SlotProject.unity
  artifactKey: Guid(2cda990e2423bbf4892e6590ba056729) Importer(815301076,1909f56bfc062723c751e8b465ee728b)
Start importing Assets/Scenes/SlotProject.unity using Guid(2cda990e2423bbf4892e6590ba056729) Importer(815301076,1909f56bfc062723c751e8b465ee728b)  -> (artifact id: 'aee032637c0e7be8846437535a8e3254') in 0.002028 seconds
  Import took 0.004706 seconds .

========================================================================
Received Import Request.
  Time since last request: 0.000774 seconds.
  path: Assets/Scenes/SlotProject.unity
  artifactKey: Guid(2cda990e2423bbf4892e6590ba056729) Importer(815301076,1909f56bfc062723c751e8b465ee728b)
Start importing Assets/Scenes/SlotProject.unity using Guid(2cda990e2423bbf4892e6590ba056729) Importer(815301076,1909f56bfc062723c751e8b465ee728b)  -> (artifact id: 'aee032637c0e7be8846437535a8e3254') in 0.000822 seconds
  Import took 0.003040 seconds .

========================================================================
Received Import Request.
  Time since last request: 154.288612 seconds.
  path: Assets/scripts/SerialReceive.cs
  artifactKey: Guid(a5b62feb44668407f953588809119382) Importer(815301076,1909f56bfc062723c751e8b465ee728b)
Start importing Assets/scripts/SerialReceive.cs using Guid(a5b62feb44668407f953588809119382) Importer(815301076,1909f56bfc062723c751e8b465ee728b)  -> (artifact id: '7860ba19d03bcda926b7641f56bc10a4') in 0.254154 seconds
  Import took 0.263075 seconds .

========================================================================
Received Prepare
Registering precompiled user dll's ...
Registered in 0.002490 seconds.
Begin MonoManager ReloadAssembly
Native extension for OSXStandalone target not found
Refreshing native plugins compatible for Editor in 0.40 ms, found 3 plugins.
Preloading 0 native plugins for Editor in 0.00 ms.
Mono: successfully reloaded assembly
- Completed reload, in  2.444 seconds
Platform modules already initialized, skipping
Refreshing native plugins compatible for Editor in 0.38 ms, found 3 plugins.
Preloading 0 native plugins for Editor in 0.00 ms.
Unloading 2096 Unused Serialized files (Serialized files now loaded: 0)
System memory in use before: 186.2 MB.
System memory in use after: 186.3 MB.

Unloading 17 unused Assets to reduce memory usage. Loaded Objects now: 2562.
Total: 1.521708 ms (FindLiveObjects: 0.140167 ms CreateObjectMapping: 0.041958 ms MarkObjects: 1.319625 ms  DeleteObjects: 0.018625 ms)

========================================================================
Received Prepare
Registering precompiled user dll's ...
Registered in 0.011127 seconds.
Begin MonoManager ReloadAssembly
Native extension for OSXStandalone target not found
Refreshing native plugins compatible for Editor in 0.39 ms, found 3 plugins.
Preloading 0 native plugins for Editor in 0.00 ms.
Mono: successfully reloaded assembly
- Completed reload, in  3.129 seconds
Platform modules already initialized, skipping
Refreshing native plugins compatible for Editor in 0.28 ms, found 3 plugins.
Preloading 0 native plugins for Editor in 0.00 ms.
Unloading 2096 Unused Serialized files (Serialized files now loaded: 0)
System memory in use before: 186.6 MB.
System memory in use after: 186.7 MB.

Unloading 16 unused Assets to reduce memory usage. Loaded Objects now: 2566.
Total: 1.818375 ms (FindLiveObjects: 0.118709 ms CreateObjectMapping: 0.040042 ms MarkObjects: 1.271167 ms  DeleteObjects: 0.387542 ms)

========================================================================
Received Import Request.
  Time since last request: 1955.821494 seconds.
  path: Assets/scripts/SerialHandler.cs
  artifactKey: Guid(e53eb6b38c1d04927bf3be3124e2e5a0) Importer(815301076,1909f56bfc062723c751e8b465ee728b)
Start importing Assets/scripts/SerialHandler.cs using Guid(e53eb6b38c1d04927bf3be3124e2e5a0) Importer(815301076,1909f56bfc062723c751e8b465ee728b)  -> (artifact id: 'e01ef925594e1663f3a6d7315df7a239') in 0.048086 seconds
  Import took 0.060532 seconds .

========================================================================
Received Prepare
Registering precompiled user dll's ...
Registered in 0.004972 seconds.
Begin MonoManager ReloadAssembly
Native extension for OSXStandalone target not found
Refreshing native plugins compatible for Editor in 0.38 ms, found 3 plugins.
Preloading 0 native plugins for Editor in 0.00 ms.
Mono: successfully reloaded assembly
- Completed reload, in  2.405 seconds
Platform modules already initialized, skipping
Refreshing native plugins compatible for Editor in 0.28 ms, found 3 plugins.
Preloading 0 native plugins for Editor in 0.00 ms.
Unloading 2096 Unused Serialized files (Serialized files now loaded: 0)
System memory in use before: 186.8 MB.
System memory in use after: 186.9 MB.

Unloading 16 unused Assets to reduce memory usage. Loaded Objects now: 2570.
Total: 1.440417 ms (FindLiveObjects: 0.126500 ms CreateObjectMapping: 0.038125 ms MarkObjects: 1.252833 ms  DeleteObjects: 0.022250 ms)

